Arguments: 
  /home/abhijithvijayan/.nvm/versions/node/v10.17.0/bin/node /usr/share/yarn/bin/yarn.js init

PATH: 
  /home/abhijithvijayan/.nvm/versions/node/v10.17.0/bin:/home/abhijithvijayan/.npm-global/bin:/usr/local/sbin:/usr/local/bin:/usr/sbin:/usr/bin:/sbin:/bin:/usr/games:/usr/local/games:/snap/bin:/home/abhijithvijayan/flutter/bin:/home/abhijithvijayan/Android/Sdk/emulator:/home/abhijithvijayan/Android/Sdk/tools:/home/abhijithvijayan/Android/Sdk/tools/bin:/home/abhijithvijayan/Android/Sdk/platform-tools:/usr/local/share/:/home/abhijithvijayan/.rvm/bin

Yarn version: 
  1.19.1

Node version: 
  10.17.0

Platform: 
  linux x64

Trace: 
  SyntaxError: /home/abhijithvijayan/workspace/abhijithvijayan-cli/package.json: Unexpected token , in JSON at position 200
      at JSON.parse (<anonymous>)
      at /usr/share/yarn/lib/cli.js:1625:59
      at Generator.next (<anonymous>)
      at step (/usr/share/yarn/lib/cli.js:304:30)
      at /usr/share/yarn/lib/cli.js:315:13

npm manifest: 
  {
  	"name": "abhijithvijayan",
  	"version": "0.0.1",
  	"description": "The Abhijith Vijayan CLI",
  	"license": "MIT",
  	"repository": "YOUR-GITHUB-USERNAME/unicorn-fun-cli",
  	"author": "abhijithvijayan"
  	},
  	"bin": {
  		"unicorn-fun": "cli.js"
  	},
  	"engines": {
  		"node": ">=8"
  	},
  	"scripts": {
  		"test": "xo && ava"
  	},
  	"files": [
  		"cli.js"
  	],
  	"keywords": [
  		"cli",
  		"cli-app",
  		"unicorn",
  		"fun"
  	],
  	"dependencies": {
  		"meow": "^5.0.0",
  		"unicorn-fun": "^0.0.0"
  	},
  	"devDependencies": {
  		"ava": "^2.1.0",
  		"execa": "^2.0.0",
  		"xo": "^0.24.0"
  	}
  }

yarn manifest: 
  No manifest

Lockfile: 
  No lockfile
